The system is: Windows - 10.0.19041 - AMD64
Compiling the C compiler identification source file "CMakeCCompilerId.c" succeeded.
Compiler: C:/Program Files (x86)/Microsoft Visual Studio/2019/Professional/VC/Tools/MSVC/14.24.28314/bin/Hostx86/x86/cl.exe 
Build flags: 
Id flags:  

The output was:
0
Microsoft (R) Kompilator optymalizujący C/C++, wersja 19.24.28316 dla architektury x86
Copyright (C) Microsoft Corporation. Wszystkie prawa zastrzeżone.

CMakeCCompilerId.c
Microsoft (R) Incremental Linker Version 14.24.28316.0
Copyright (C) Microsoft Corporation.  All rights reserved.

/out:CMakeCCompilerId.exe 
CMakeCCompilerId.obj 


Compilation of the C compiler identification source "CMakeCCompilerId.c" produced "CMakeCCompilerId.exe"

Compilation of the C compiler identification source "CMakeCCompilerId.c" produced "CMakeCCompilerId.obj"

The C compiler identification is MSVC, found in "C:/Users/damia/CLionProjects/untitled7/cmake-build-debug/CMakeFiles/3.17.3/CompilerIdC/CMakeCCompilerId.exe"

Determining if the C compiler works passed with the following output:
Change Dir: C:/Users/damia/CLionProjects/untitled7/cmake-build-debug/CMakeFiles/CMakeTmp

Run Build Command(s):nmake /nologo cmTC_ba659\fast && 	"C:\Program Files (x86)\Microsoft Visual Studio\2019\Professional\VC\Tools\MSVC\14.24.28314\bin\HostX86\x86\nmake.exe"  -f CMakeFiles\cmTC_ba659.dir\build.make /nologo -L                  CMakeFiles\cmTC_ba659.dir\build
Building C object CMakeFiles/cmTC_ba659.dir/testCCompiler.c.obj
	C:\PROGRA~2\MICROS~1\2019\PROFES~1\VC\Tools\MSVC\1424~1.283\bin\Hostx86\x86\cl.exe @C:\Users\damia\AppData\Local\Temp\nm7B98.tmp
testCCompiler.c
Linking C executable cmTC_ba659.exe
	"E:\programy\CLion 2020.2.4\bin\cmake\win\bin\cmake.exe" -E vs_link_exe --intdir=CMakeFiles\cmTC_ba659.dir --rc=C:\PROGRA~2\WI3CF2~1\10\bin\100183~1.0\x86\rc.exe --mt=C:\PROGRA~2\WI3CF2~1\10\bin\100183~1.0\x86\mt.exe --manifests  -- C:\PROGRA~2\MICROS~1\2019\PROFES~1\VC\Tools\MSVC\1424~1.283\bin\Hostx86\x86\link.exe /nologo @CMakeFiles\cmTC_ba659.dir\objects1.rsp @C:\Users\damia\AppData\Local\Temp\nm7E58.tmp



Detecting C compiler ABI info compiled with the following output:
Change Dir: C:/Users/damia/CLionProjects/untitled7/cmake-build-debug/CMakeFiles/CMakeTmp

Run Build Command(s):nmake /nologo cmTC_a15b9\fast && 	"C:\Program Files (x86)\Microsoft Visual Studio\2019\Professional\VC\Tools\MSVC\14.24.28314\bin\HostX86\x86\nmake.exe"  -f CMakeFiles\cmTC_a15b9.dir\build.make /nologo -L                  CMakeFiles\cmTC_a15b9.dir\build
Building C object CMakeFiles/cmTC_a15b9.dir/CMakeCCompilerABI.c.obj
	C:\PROGRA~2\MICROS~1\2019\PROFES~1\VC\Tools\MSVC\1424~1.283\bin\Hostx86\x86\cl.exe @C:\Users\damia\AppData\Local\Temp\nm827E.tmp
CMakeCCompilerABI.c
Linking C executable cmTC_a15b9.exe
	"E:\programy\CLion 2020.2.4\bin\cmake\win\bin\cmake.exe" -E vs_link_exe --intdir=CMakeFiles\cmTC_a15b9.dir --rc=C:\PROGRA~2\WI3CF2~1\10\bin\100183~1.0\x86\rc.exe --mt=C:\PROGRA~2\WI3CF2~1\10\bin\100183~1.0\x86\mt.exe --manifests  -- C:\PROGRA~2\MICROS~1\2019\PROFES~1\VC\Tools\MSVC\1424~1.283\bin\Hostx86\x86\link.exe /nologo @CMakeFiles\cmTC_a15b9.dir\objects1.rsp @C:\Users\damia\AppData\Local\Temp\nm833A.tmp



